Arguments: 
  D:\nodejs\node.exe C:\Users\LINSQ\AppData\Roaming\npm\node_modules\yarn\bin\yarn.js install

PATH: 
  C:\Program Files\Git\mingw64\bin;C:\Program Files\Git\usr\bin;C:\Users\LINSQ\bin;D:\ImageMagick\ImageMagick-7.0.2-Q16;D:\Python27;D:\Python27\Scripts;C:\Program Files (x86)\Intel\iCLS Client;C:\Program Files\Intel\iCLS Client;C:\Program Files (x86)\NVIDIA Corporation\PhysX\Common;C:\Windows\system32;C:\Windows;C:\Windows\System32\Wbem;C:\Windows\System32\WindowsPowerShell\v1.0;C:\Program Files\Intel\Intel(R) Management Engine Components\DAL;C:\Program Files\Intel\Intel(R) Management Engine Components\IPT;C:\Program Files (x86)\Intel\Intel(R) Management Engine Components\DAL;C:\Program Files (x86)\Intel\Intel(R) Management Engine Components\IPT;C:\Program Files (x86)\Common Files\Lenovo;C:\Program Files (x86)\Common Files\lenovo\easyplussdk\bin;C:\ProgramData\Lenovo\ReadyApps;D:\wamp64\bin\php\php7.0.29;C:\Program Files (x86)\Git\bin;D:\Python27\Lib\site-packages\pytesser;D:\Python27\Lib\site-packages;C:\ProgramData\ComposerSetup\bin;D:\TortoiseSVN\bin;D:\ffmpeg\bin;C:\OpenSSL-Win64\bin;D:\nodejs;D:\OpenVPN\bin;D:\Microsoft VS Code\bin;C:\Users\LINSQ\AppData\Roaming\Composer\vendor\bin;C:\Users\LINSQ\AppData\Roaming\npm;D:\Microsoft VS Code\bin;.;.;.;.;.;.;

Yarn version: 
  1.5.1

Node version: 
  8.11.1

Platform: 
  win32 x64

npm manifest: 
  {
    "name": "vue-cli",
    "version": "1.0.0",
    "description": "vue",
    "private": true,
    "main": "index.js",
    "scripts": {
      "build": "webpack --mode production --config build/webpack.prod.conf.js",
      "dev": "webpack-dev-server --mode development --config build/webpack.dev.conf.js",
      "start": "npm run dev"
    },
    "keywords": [
      "vue"
    ],
    "author": "zy",
    "license": "ISC",
    "devDependencies": {
      "autoprefixer": "^8.6.4",
      "babel-core": "^6.26.3",
      "babel-eslint": "^8.2.6",
      "babel-helper-vue-jsx-merge-props": "^2.0.3",
      "babel-loader": "^7.1.4",
      "babel-plugin-syntax-jsx": "^6.18.0",
      "babel-plugin-transform-runtime": "^6.23.0",
      "babel-plugin-transform-vue-jsx": "^3.7.0",
      "babel-preset-env": "^1.7.0",
      "babel-preset-react": "^6.24.1",
      "babel-preset-stage-0": "^6.24.1",
      "bundle-loader": "^0.5.6",
      "chalk": "^2.4.1",
      "clean-webpack-plugin": "^0.1.19",
      "css-loader": "^0.28.11",
      "eslint": "^4.19.1",
      "eslint-config-airbnb": "^17.0.0",
      "eslint-plugin-html": "^4.0.5",
      "eslint-plugin-import": "^2.13.0",
      "eslint-plugin-jsx-a11y": "^6.1.1",
      "eslint-plugin-react": "^7.10.0",
      "file-loader": "^1.1.11",
      "happypack": "^5.0.0",
      "html-webpack-harddisk-plugin": "^0.2.0",
      "html-webpack-plugin": "^3.2.0",
      "mini-css-extract-plugin": "^0.4.0",
      "node-sass": "^4.9.2",
      "optimize-css-assets-webpack-plugin": "^4.0.2",
      "postcss-loader": "^2.1.5",
      "progress-bar-webpack-plugin": "^1.11.0",
      "sass-loader": "^7.0.3",
      "style-loader": "^0.21.0",
      "url-loader": "^1.0.1",
      "vue-loader": "^15.2.6",
      "vue-style-loader": "^4.1.1",
      "vue-template-compiler": "^2.5.16",
      "webpack": "^4.10.2",
      "webpack-cli": "^3.0.0",
      "webpack-dev-server": "^3.1.4",
      "webpack-merge": "^4.1.2",
      "webpack-parallel-uglify-plugin": "^1.1.0"
    },
    "dependencies": {
      "axios": "^0.18.0",
      "babel-runtime": "^6.26.0",
      "element-ui": "^2.4.6",
      "js-base64": "^2.4.9",
      "normalize.css": "^8.0.0",
      "vue": "^2.5.16",
      "vue-awesome-swiper": "^3.1.3",
      "vue-router": "^3.0.1"
    },
    "browserslist": [
      "> 1%",
      "last 2 versions",
      "not ie <= 8"
    ]
  }

yarn manifest: 
  No manifest

Lockfile: 
  No lockfile

Trace: 
  Error: D:\WebWorkSpace\vue-cli\node_modules\node-sass: Command failed.
  Exit code: 1
  Command: C:\Windows\system32\cmd.exe
  Arguments: /d /s /c node scripts/build.js
  Directory: D:\WebWorkSpace\vue-cli\node_modules\node-sass
  Output:
  Building: D:\nodejs\node.exe D:\WebWorkSpace\vue-cli\node_modules\node-gyp\bin\node-gyp.js rebuild --verbose --libsass_ext= --libsass_cflags= --libsass_ldflags= --libsass_library=
  gyp info it worked if it ends with ok
  gyp verb cli [ 'D:\\nodejs\\node.exe',
  gyp verb cli   'D:\\WebWorkSpace\\vue-cli\\node_modules\\node-gyp\\bin\\node-gyp.js',
  gyp verb cli   'rebuild',
  gyp verb cli   '--verbose',
  gyp verb cli   '--libsass_ext=',
  gyp verb cli   '--libsass_cflags=',
  gyp verb cli   '--libsass_ldflags=',
  gyp verb cli   '--libsass_library=' ]
  gyp info using node-gyp@3.8.0
  gyp info using node@8.11.1 | win32 | x64
  gyp verb command rebuild []
  gyp verb command clean []
  gyp verb clean removing "build" directory
  gyp verb command configure []
  gyp verb check python checking for Python executable "python2" in the PATH
  gyp verb `which` failed Error: not found: python2
  gyp verb `which` failed     at getNotFoundError (D:\WebWorkSpace\vue-cli\node_modules\which\which.js:13:12)
  gyp verb `which` failed     at F (D:\WebWorkSpace\vue-cli\node_modules\which\which.js:68:19)
  gyp verb `which` failed     at E (D:\WebWorkSpace\vue-cli\node_modules\which\which.js:80:29)
  gyp verb `which` failed     at D:\WebWorkSpace\vue-cli\node_modules\which\which.js:89:16
  gyp verb `which` failed     at D:\WebWorkSpace\vue-cli\node_modules\isexe\index.js:42:5
  gyp verb `which` failed     at D:\WebWorkSpace\vue-cli\node_modules\isexe\windows.js:36:5
  gyp verb `which` failed     at FSReqWrap.oncomplete (fs.js:152:21)
  gyp verb `which` failed  python2 { Error: not found: python2
  gyp verb `which` failed     at getNotFoundError (D:\WebWorkSpace\vue-cli\node_modules\which\which.js:13:12)
  gyp verb `which` failed     at F (D:\WebWorkSpace\vue-cli\node_modules\which\which.js:68:19)
  gyp verb `which` failed     at E (D:\WebWorkSpace\vue-cli\node_modules\which\which.js:80:29)
  gyp verb `which` failed     at D:\WebWorkSpace\vue-cli\node_modules\which\which.js:89:16
  gyp verb `which` failed     at D:\WebWorkSpace\vue-cli\node_modules\isexe\index.js:42:5
  gyp verb `which` failed     at D:\WebWorkSpace\vue-cli\node_modules\isexe\windows.js:36:5
  gyp verb `which` failed     at FSReqWrap.oncomplete (fs.js:152:21)
  gyp verb `which` failed   stack: 'Error: not found: python2\n    at getNotFoundError (D:\\WebWorkSpace\\vue-cli\\node_modules\\which\\which.js:13:12)\n    at F (D:\\WebWorkSpace\\vue-cli\\node_modules\\which\\which.js:68:19)\n    at E (D:\\WebWorkSpace\\vue-cli\\node_modules\\which\\which.js:80:29)\n    at D:\\WebWorkSpace\\vue-cli\\node_modules\\which\\which.js:89:16\n    at D:\\WebWorkSpace\\vue-cli\\node_modules\\isexe\\index.js:42:5\n    at D:\\WebWorkSpace\\vue-cli\\node_modules\\isexe\\windows.js:36:5\n    at FSReqWrap.oncomplete (fs.js:152:21)',
  gyp verb `which` failed   code: 'ENOENT' }
  gyp verb check python checking for Python executable "python" in the PATH
  gyp verb `which` succeeded python D:\Python27\python.EXE
  gyp verb check python version `D:\Python27\python.EXE -c "import sys; print "2.7.11
  gyp verb check python version .%s.%s" % sys.version_info[:3];"` returned: %j
  gyp verb get node dir no --target version specified, falling back to host node version: 8.11.1
  gyp verb command install [ '8.11.1' ]
  gyp verb install input version string "8.11.1"
  gyp verb install installing version: 8.11.1
  gyp verb install --ensure was passed, so won't reinstall if already installed
  gyp verb install version is already installed, need to check "installVersion"
  gyp verb got "installVersion" 9
  gyp verb needs "installVersion" 9
  gyp verb install version is good
  gyp verb get node dir target node version installed: 8.11.1
  gyp verb build dir attempting to create "build" dir: D:\WebWorkSpace\vue-cli\node_modules\node-sass\build
  gyp verb build dir "build" dir needed to be created? D:\WebWorkSpace\vue-cli\node_modules\node-sass\build
  gyp verb Not using VS2017: Could not use PowerShell to find VS2017
  gyp verb build/config.gypi creating config file
  gyp verb build/config.gypi writing out config file: D:\WebWorkSpace\vue-cli\node_modules\node-sass\build\config.gypi
  gyp verb config.gypi checking for gypi file: D:\WebWorkSpace\vue-cli\node_modules\node-sass\config.gypi
  gyp verb common.gypi checking for gypi file: D:\WebWorkSpace\vue-cli\node_modules\node-sass\common.gypi
  gyp verb gyp gyp format was not specified; forcing "msvs"
  gyp info spawn D:\Python27\python.EXE
  gyp info spawn args [ 'D:\\WebWorkSpace\\vue-cli\\node_modules\\node-gyp\\gyp\\gyp_main.py',
  gyp info spawn args   'binding.gyp',
  gyp info spawn args   '-f',
  gyp info spawn args   'msvs',
  gyp info spawn args   '-G',
  gyp info spawn args   'msvs_version=auto',
  gyp info spawn args   '-I',
  gyp info spawn args   'D:\\WebWorkSpace\\vue-cli\\node_modules\\node-sass\\build\\config.gypi',
  gyp info spawn args   '-I',
  gyp info spawn args   'D:\\WebWorkSpace\\vue-cli\\node_modules\\node-gyp\\addon.gypi',
  gyp info spawn args   '-I',
  gyp info spawn args   'C:\\Users\\LINSQ\\.node-gyp\\8.11.1\\include\\node\\common.gypi',
  gyp info spawn args   '-Dlibrary=shared_library',
  gyp info spawn args   '-Dvisibility=default',
  gyp info spawn args   '-Dnode_root_dir=C:\\Users\\LINSQ\\.node-gyp\\8.11.1',
  gyp info spawn args   '-Dnode_gyp_dir=D:\\WebWorkSpace\\vue-cli\\node_modules\\node-gyp',
  gyp info spawn args   '-Dnode_lib_file=C:\\Users\\LINSQ\\.node-gyp\\8.11.1\\<(target_arch)\\node.lib',
  gyp info spawn args   '-Dmodule_root_dir=D:\\WebWorkSpace\\vue-cli\\node_modules\\node-sass',
  gyp info spawn args   '-Dnode_engine=v8',
  gyp info spawn args   '--depth=.',
  gyp info spawn args   '--no-parallel',
  gyp info spawn args   '--generator-output',
  gyp info spawn args   'D:\\WebWorkSpace\\vue-cli\\node_modules\\node-sass\\build',
  gyp info spawn args   '-Goutput_dir=.' ]
  gyp verb command build []
  gyp verb build type Release
  gyp verb architecture x64
  gyp verb node dev dir C:\Users\LINSQ\.node-gyp\8.11.1
  gyp verb found first Solution file build/binding.sln
  gyp verb could not find "msbuild.exe" in PATH - finding location in registry 
  gyp info spawn C:\Windows\Microsoft.NET\Framework\v4.0.30319\msbuild.exe
  gyp info spawn args [ 'build/binding.sln',
  gyp info spawn args   '/nologo',
  gyp info spawn args   '/p:Configuration=Release;Platform=x64' ]
  �ڴ˽��������һ������һ����Ŀ����Ҫ���ò������ɣ�����ӡ�/m�����ء�
  ������ʱ��Ϊ 2018/9/24 22:40:29��
  �ڵ� 1 �ϵ���Ŀ��D:\WebWorkSpace\vue-cli\node_modules\node-sass\build\binding.sln��(Ĭ��Ŀ��)��
  ValidateSolutionConfiguration:
    �������ɽ���������á�Release|x64����
  MSBUILD : error MSB3428: δ�ܼ��� Visual C++ �����VCBuild.exe����Ҫ��������⣬1) ��װ .NET Framework 2.0 SDK��2) ��װ Microsoft Visual Studio 2005���� 3) ������������װ��������λ�ã��뽫��λ����ӵ�ϵͳ·���С� [D:\WebWorkSpace\vue-cli\node_modules\node-sass\build\binding.sln]
  �����������Ŀ��D:\WebWorkSpace\vue-cli\node_modules\node-sass\build\binding.sln��(Ĭ��Ŀ��)�Ĳ��� - ʧ�ܡ�
  
  ����ʧ�ܡ�
  
  ��D:\WebWorkSpace\vue-cli\node_modules\node-sass\build\binding.sln��(Ĭ��Ŀ��) (1) ->
  (_src_\libsass Ŀ��) -> 
    MSBUILD : error MSB3428: δ�ܼ��� Visual C++ �����VCBuild.exe����Ҫ��������⣬1) ��װ .NET Framework 2.0 SDK��2) ��װ Microsoft Visual Studio 2005���� 3) ������������װ��������λ�ã��뽫��λ����ӵ�ϵͳ·���С� [D:\WebWorkSpace\vue-cli\node_modules\node-sass\build\binding.sln]
  
      0 ������
      1 ������
  
  ����ʱ�� 00:00:01.81
  gyp ERR! build error 
  gyp ERR! stack Error: `C:\Windows\Microsoft.NET\Framework\v4.0.30319\msbuild.exe` failed with exit code: 1
  gyp ERR! stack     at ChildProcess.onExit (D:\WebWorkSpace\vue-cli\node_modules\node-gyp\lib\build.js:262:23)
  gyp ERR! stack     at emitTwo (events.js:126:13)
  gyp ERR! stack     at ChildProcess.emit (events.js:214:7)
  gyp ERR! stack     at Process.ChildProcess._handle.onexit (internal/child_process.js:198:12)
  gyp ERR! System Windows_NT 6.1.7601
  gyp ERR! command "D:\\nodejs\\node.exe" "D:\\WebWorkSpace\\vue-cli\\node_modules\\node-gyp\\bin\\node-gyp.js" "rebuild" "--verbose" "--libsass_ext=" "--libsass_cflags=" "--libsass_ldflags=" "--libsass_library="
  gyp ERR! cwd D:\WebWorkSpace\vue-cli\node_modules\node-sass
  gyp ERR! node -v v8.11.1
  gyp ERR! node-gyp -v v3.8.0
  gyp ERR! not ok 
  Build failed with error code: 1
      at ProcessTermError.MessageError (C:\Users\LINSQ\AppData\Roaming\npm\node_modules\yarn\lib\cli.js:186:110)
      at new ProcessTermError (C:\Users\LINSQ\AppData\Roaming\npm\node_modules\yarn\lib\cli.js:226:113)
      at ChildProcess.<anonymous> (C:\Users\LINSQ\AppData\Roaming\npm\node_modules\yarn\lib\cli.js:30281:17)
      at emitTwo (events.js:126:13)
      at ChildProcess.emit (events.js:214:7)
      at maybeClose (internal/child_process.js:925:16)
      at Process.ChildProcess._handle.onexit (internal/child_process.js:209:5)
